<?xml version='1.0' encoding='UTF-8'?>
<testsuite hostname="Maggis-Gadget" name="com.knoldus.db.HealthCheckRepositoryTestSpec" tests="2" errors="2" failures="0" skipped="0" time="0.021" timestamp="2024-10-15T18:58:31">
          <properties>
[...]
</properties>
          <testcase classname="com.knoldus.db.HealthCheckRepositoryTestSpec" name="(It is not a test it is a sbt.testing.SuiteSelector)" time="0.022">
                      <error message="Could not initialize class org.mockito.internal.creation.cglib.ClassImposterizer$3" type="java.lang.NoClassDefFoundError">java.lang.NoClassDefFoundError: Could not initialize class org.mockito.internal.creation.cglib.ClassImposterizer$3
	at org.mockito.internal.creation.cglib.ClassImposterizer.createProxyClass(ClassImposterizer.java:95)
	at org.mockito.internal.creation.cglib.ClassImposterizer.imposterise(ClassImposterizer.java:57)
	at org.mockito.internal.creation.cglib.ClassImposterizer.imposterise(ClassImposterizer.java:49)
	at org.mockito.internal.creation.cglib.CglibMockMaker.createMock(CglibMockMaker.java:24)
	at org.mockito.internal.util.MockUtil.createMock(MockUtil.java:33)
	at org.mockito.internal.MockitoCore.mock(MockitoCore.java:59)
	at org.mockito.Mockito.mock(Mockito.java:1285)
	at org.mockito.Mockito.mock(Mockito.java:1163)
	at org.scalatestplus.mockito.MockitoSugar.mock(MockitoSugar.scala:73)
	at org.scalatestplus.mockito.MockitoSugar.mock$(MockitoSugar.scala:72)
	at com.knoldus.db.HealthCheckRepositoryTestSpec.mock(HealthCheckRepositoryTestSpec.scala:32)
	at com.knoldus.BaseSpec.$init$(BaseSpec.scala:10)
	at com.knoldus.db.HealthCheckRepositoryTestSpec.&lt;init&gt;(HealthCheckRepositoryTestSpec.scala:32)
	at java.base/jdk.internal.reflect.DirectConstructorHandleAccessor.newInstance(DirectConstructorHandleAccessor.java:67)
	at java.base/java.lang.reflect.Constructor.newInstanceWithCaller(Constructor.java:500)
	at java.base/java.lang.reflect.ReflectAccess.newInstance(ReflectAccess.java:128)
	at java.base/jdk.internal.reflect.ReflectionFactory.newInstance(ReflectionFactory.java:306)
	at java.base/java.lang.Class.newInstance(Class.java:684)
	at org.scalatest.tools.Framework$ScalaTestTask.execute(Framework.scala:450)
	at sbt.TestRunner.runTest$1(TestFramework.scala:140)
	at sbt.TestRunner.run(TestFramework.scala:155)
	at sbt.TestFramework$$anon$3$$anonfun$$lessinit$greater$1.$anonfun$apply$1(TestFramework.scala:318)
	at sbt.TestFramework$.sbt$TestFramework$$withContextLoader(TestFramework.scala:278)
	at sbt.TestFramework$$anon$3$$anonfun$$lessinit$greater$1.apply(TestFramework.scala:318)
	at sbt.TestFramework$$anon$3$$anonfun$$lessinit$greater$1.apply(TestFramework.scala:318)
	at sbt.TestFunction.apply(TestFramework.scala:330)
	at sbt.Tests$.$anonfun$toTask$1(Tests.scala:435)
	at sbt.std.Transform$$anon$3.$anonfun$apply$2(Transform.scala:46)
	at sbt.std.Transform$$anon$4.work(Transform.scala:68)
	at sbt.Execute.$anonfun$submit$2(Execute.scala:282)
	at sbt.internal.util.ErrorHandling$.wideConvert(ErrorHandling.scala:23)
	at sbt.Execute.work(Execute.scala:291)
	at sbt.Execute.$anonfun$submit$1(Execute.scala:282)
	at sbt.ConcurrentRestrictions$$anon$4.$anonfun$submitValid$1(ConcurrentRestrictions.scala:265)
	at sbt.CompletionService$$anon$2.call(CompletionService.scala:64)
	at java.base/java.util.concurrent.FutureTask.run(FutureTask.java:317)
	at java.base/java.util.concurrent.Executors$RunnableAdapter.call(Executors.java:577)
	at java.base/java.util.concurrent.FutureTask.run(FutureTask.java:317)
	at java.base/java.util.concurrent.ThreadPoolExecutor.runWorker(ThreadPoolExecutor.java:1144)
	at java.base/java.util.concurrent.ThreadPoolExecutor$Worker.run(ThreadPoolExecutor.java:642)
	at java.base/java.lang.Thread.run(Thread.java:1589)
Caused by: java.lang.ExceptionInInitializerError: Exception java.lang.ExceptionInInitializerError [in thread &quot;pool-5-thread-3&quot;]
	at org.mockito.cglib.core.KeyFactory$Generator.generateClass(KeyFactory.java:167)
	at org.mockito.cglib.core.DefaultGeneratorStrategy.generate(DefaultGeneratorStrategy.java:25)
	at org.mockito.cglib.core.AbstractClassGenerator.create(AbstractClassGenerator.java:217)
	at org.mockito.cglib.core.KeyFactory$Generator.create(KeyFactory.java:145)
	at org.mockito.cglib.core.KeyFactory.create(KeyFactory.java:117)
	at org.mockito.cglib.core.KeyFactory.create(KeyFactory.java:109)
	at org.mockito.cglib.core.KeyFactory.create(KeyFactory.java:105)
	at org.mockito.cglib.proxy.Enhancer.&lt;clinit&gt;(Enhancer.java:70)
	at org.mockito.internal.creation.cglib.ClassImposterizer.createProxyClass(ClassImposterizer.java:95)
	at org.mockito.internal.creation.cglib.ClassImposterizer.imposterise(ClassImposterizer.java:57)
	at org.mockito.internal.creation.cglib.ClassImposterizer.imposterise(ClassImposterizer.java:49)
	at org.mockito.internal.creation.cglib.CglibMockMaker.createMock(CglibMockMaker.java:24)
	at org.mockito.internal.util.MockUtil.createMock(MockUtil.java:33)
	at org.mockito.internal.MockitoCore.mock(MockitoCore.java:59)
	at org.mockito.Mockito.mock(Mockito.java:1285)
	at org.mockito.Mockito.mock(Mockito.java:1163)
	at org.scalatestplus.mockito.MockitoSugar.mock(MockitoSugar.scala:73)
	at org.scalatestplus.mockito.MockitoSugar.mock$(MockitoSugar.scala:72)
	at org.scalatestplus.mockito.MockitoSugar$.mock(MockitoSugar.scala:155)
	at com.knoldus.services.HealthCheckServiceTest.&lt;init&gt;(HealthCheckServiceTest.scala:16)
	... 28 more
</error>
                    </testcase><testcase classname="com.knoldus.db.HealthCheckRepositoryTestSpec" name="" time="-0.001">
                      <error message="Could not initialize class org.mockito.internal.creation.cglib.ClassImposterizer$3" type="java.lang.NoClassDefFoundError">java.lang.NoClassDefFoundError: Could not initialize class org.mockito.internal.creation.cglib.ClassImposterizer$3
	at org.mockito.internal.creation.cglib.ClassImposterizer.createProxyClass(ClassImposterizer.java:95)
	at org.mockito.internal.creation.cglib.ClassImposterizer.imposterise(ClassImposterizer.java:57)
	at org.mockito.internal.creation.cglib.ClassImposterizer.imposterise(ClassImposterizer.java:49)
	at org.mockito.internal.creation.cglib.CglibMockMaker.createMock(CglibMockMaker.java:24)
	at org.mockito.internal.util.MockUtil.createMock(MockUtil.java:33)
	at org.mockito.internal.MockitoCore.mock(MockitoCore.java:59)
	at org.mockito.Mockito.mock(Mockito.java:1285)
	at org.mockito.Mockito.mock(Mockito.java:1163)
	at org.scalatestplus.mockito.MockitoSugar.mock(MockitoSugar.scala:73)
	at org.scalatestplus.mockito.MockitoSugar.mock$(MockitoSugar.scala:72)
	at com.knoldus.db.HealthCheckRepositoryTestSpec.mock(HealthCheckRepositoryTestSpec.scala:32)
	at com.knoldus.BaseSpec.$init$(BaseSpec.scala:10)
	at com.knoldus.db.HealthCheckRepositoryTestSpec.&lt;init&gt;(HealthCheckRepositoryTestSpec.scala:32)
	at java.base/jdk.internal.reflect.DirectConstructorHandleAccessor.newInstance(DirectConstructorHandleAccessor.java:67)
	at java.base/java.lang.reflect.Constructor.newInstanceWithCaller(Constructor.java:500)
	at java.base/java.lang.reflect.ReflectAccess.newInstance(ReflectAccess.java:128)
	at java.base/jdk.internal.reflect.ReflectionFactory.newInstance(ReflectionFactory.java:306)
	at java.base/java.lang.Class.newInstance(Class.java:684)
	at org.scalatest.tools.Framework$ScalaTestTask.execute(Framework.scala:450)
	at sbt.TestRunner.runTest$1(TestFramework.scala:140)
	at sbt.TestRunner.run(TestFramework.scala:155)
	at sbt.TestFramework$$anon$3$$anonfun$$lessinit$greater$1.$anonfun$apply$1(TestFramework.scala:318)
	at sbt.TestFramework$.sbt$TestFramework$$withContextLoader(TestFramework.scala:278)
	at sbt.TestFramework$$anon$3$$anonfun$$lessinit$greater$1.apply(TestFramework.scala:318)
	at sbt.TestFramework$$anon$3$$anonfun$$lessinit$greater$1.apply(TestFramework.scala:318)
	at sbt.TestFunction.apply(TestFramework.scala:330)
	at sbt.Tests$.$anonfun$toTask$1(Tests.scala:435)
	at sbt.std.Transform$$anon$3.$anonfun$apply$2(Transform.scala:46)
	at sbt.std.Transform$$anon$4.work(Transform.scala:68)
	at sbt.Execute.$anonfun$submit$2(Execute.scala:282)
	at sbt.internal.util.ErrorHandling$.wideConvert(ErrorHandling.scala:23)
	at sbt.Execute.work(Execute.scala:291)
	at sbt.Execute.$anonfun$submit$1(Execute.scala:282)
	at sbt.ConcurrentRestrictions$$anon$4.$anonfun$submitValid$1(ConcurrentRestrictions.scala:265)
	at sbt.CompletionService$$anon$2.call(CompletionService.scala:64)
	at java.base/java.util.concurrent.FutureTask.run(FutureTask.java:317)
	at java.base/java.util.concurrent.Executors$RunnableAdapter.call(Executors.java:577)
	at java.base/java.util.concurrent.FutureTask.run(FutureTask.java:317)
	at java.base/java.util.concurrent.ThreadPoolExecutor.runWorker(ThreadPoolExecutor.java:1144)
	at java.base/java.util.concurrent.ThreadPoolExecutor$Worker.run(ThreadPoolExecutor.java:642)
	at java.base/java.lang.Thread.run(Thread.java:1589)
Caused by: java.lang.ExceptionInInitializerError: Exception java.lang.ExceptionInInitializerError [in thread &quot;pool-5-thread-3&quot;]
	at org.mockito.cglib.core.KeyFactory$Generator.generateClass(KeyFactory.java:167)
	at org.mockito.cglib.core.DefaultGeneratorStrategy.generate(DefaultGeneratorStrategy.java:25)
	at org.mockito.cglib.core.AbstractClassGenerator.create(AbstractClassGenerator.java:217)
	at org.mockito.cglib.core.KeyFactory$Generator.create(KeyFactory.java:145)
	at org.mockito.cglib.core.KeyFactory.create(KeyFactory.java:117)
	at org.mockito.cglib.core.KeyFactory.create(KeyFactory.java:109)
	at org.mockito.cglib.core.KeyFactory.create(KeyFactory.java:105)
	at org.mockito.cglib.proxy.Enhancer.&lt;clinit&gt;(Enhancer.java:70)
	at org.mockito.internal.creation.cglib.ClassImposterizer.createProxyClass(ClassImposterizer.java:95)
	at org.mockito.internal.creation.cglib.ClassImposterizer.imposterise(ClassImposterizer.java:57)
	at org.mockito.internal.creation.cglib.ClassImposterizer.imposterise(ClassImposterizer.java:49)
	at org.mockito.internal.creation.cglib.CglibMockMaker.createMock(CglibMockMaker.java:24)
	at org.mockito.internal.util.MockUtil.createMock(MockUtil.java:33)
	at org.mockito.internal.MockitoCore.mock(MockitoCore.java:59)
	at org.mockito.Mockito.mock(Mockito.java:1285)
	at org.mockito.Mockito.mock(Mockito.java:1163)
	at org.scalatestplus.mockito.MockitoSugar.mock(MockitoSugar.scala:73)
	at org.scalatestplus.mockito.MockitoSugar.mock$(MockitoSugar.scala:72)
	at org.scalatestplus.mockito.MockitoSugar$.mock(MockitoSugar.scala:155)
	at com.knoldus.services.HealthCheckServiceTest.&lt;init&gt;(HealthCheckServiceTest.scala:16)
	... 28 more
</error>
                    </testcase>
          <system-out><![CDATA[]]></system-out>
          <system-err><![CDATA[]]></system-err>
        </testsuite>